This file contains any messages produced by compilers while
running configure, to aid debugging if configure makes a mistake.

It was created by configure, which was
generated by GNU Autoconf 2.68.  Invocation command line was

  $ ./configure --with-mecab-config=/usr/bin/mecab-config --with-charset=utf8

## --------- ##
## Platform. ##
## --------- ##

hostname = komomo
uname -m = x86_64
uname -r = 4.15.0-24-generic
uname -s = Linux
uname -v = #26~16.04.1-Ubuntu SMP Fri Jun 15 14:35:08 UTC 2018

/usr/bin/uname -p = unknown
/bin/uname -X     = unknown

/bin/arch              = unknown
/usr/bin/arch -k       = unknown
/usr/convex/getsysinfo = unknown
/usr/bin/hostinfo      = unknown
/bin/machine           = unknown
/usr/bin/oslevel       = unknown
/bin/universe          = unknown

PATH: /usr/local/bin
PATH: /usr/local/sbin
PATH: /home/moko/bin
PATH: /home/moko/.local/bin
PATH: /usr/sbin
PATH: /usr/bin
PATH: /sbin
PATH: /bin
PATH: /usr/games
PATH: /usr/local/games
PATH: /snap/bin


## ----------- ##
## Core tests. ##
## ----------- ##

configure:2620: checking for a BSD-compatible install
configure:2688: result: /usr/bin/install -c
configure:2699: checking whether build environment is sane
configure:2749: result: yes
configure:2890: checking for a thread-safe mkdir -p
configure:2929: result: /bin/mkdir -p
configure:2942: checking for gawk
configure:2972: result: no
configure:2942: checking for mawk
configure:2958: found /usr/bin/mawk
configure:2969: result: mawk
configure:2980: checking whether make sets $(MAKE)
configure:3002: result: yes
configure:3083: checking whether to enable maintainer-specific portions of Makefiles
configure:3092: result: no
configure:3167: checking for gcc
configure:3183: found /usr/bin/gcc
configure:3194: result: gcc
configure:3423: checking for C compiler version
configure:3432: gcc --version >&5
gcc (Ubuntu 5.4.0-6ubuntu1~16.04.10) 5.4.0 20160609
Copyright (C) 2015 Free Software Foundation, Inc.
This is free software; see the source for copying conditions.  There is NO
warranty; not even for MERCHANTABILITY or FITNESS FOR A PARTICULAR PURPOSE.

configure:3443: $? = 0
configure:3432: gcc -v >&5
Using built-in specs.
COLLECT_GCC=gcc
COLLECT_LTO_WRAPPER=/usr/lib/gcc/x86_64-linux-gnu/5/lto-wrapper
Target: x86_64-linux-gnu
Configured with: ../src/configure -v --with-pkgversion='Ubuntu 5.4.0-6ubuntu1~16.04.10' --with-bugurl=file:///usr/share/doc/gcc-5/README.Bugs --enable-languages=c,ada,c++,java,go,d,fortran,objc,obj-c++ --prefix=/usr --program-suffix=-5 --enable-shared --enable-linker-build-id --libexecdir=/usr/lib --without-included-gettext --enable-threads=posix --libdir=/usr/lib --enable-nls --with-sysroot=/ --enable-clocale=gnu --enable-libstdcxx-debug --enable-libstdcxx-time=yes --with-default-libstdcxx-abi=new --enable-gnu-unique-object --disable-vtable-verify --enable-libmpx --enable-plugin --with-system-zlib --disable-browser-plugin --enable-java-awt=gtk --enable-gtk-cairo --with-java-home=/usr/lib/jvm/java-1.5.0-gcj-5-amd64/jre --enable-java-home --with-jvm-root-dir=/usr/lib/jvm/java-1.5.0-gcj-5-amd64 --with-jvm-jar-dir=/usr/lib/jvm-exports/java-1.5.0-gcj-5-amd64 --with-arch-directory=amd64 --with-ecj-jar=/usr/share/java/eclipse-ecj.jar --enable-objc-gc --enable-multiarch --disable-werror --with-arch-32=i686 --with-abi=m64 --with-multilib-list=m32,m64,mx32 --enable-multilib --with-tune=generic --enable-checking=release --build=x86_64-linux-gnu --host=x86_64-linux-gnu --target=x86_64-linux-gnu
Thread model: posix
gcc version 5.4.0 20160609 (Ubuntu 5.4.0-6ubuntu1~16.04.10) 
configure:3443: $? = 0
configure:3432: gcc -V >&5
gcc: error: unrecognized command line option '-V'
gcc: fatal error: no input files
compilation terminated.
configure:3443: $? = 1
configure:3432: gcc -qversion >&5
gcc: error: unrecognized command line option '-qversion'
gcc: fatal error: no input files
compilation terminated.
configure:3443: $? = 1
configure:3463: checking whether the C compiler works
configure:3485: gcc    conftest.c  >&5
configure:3489: $? = 0
configure:3537: result: yes
configure:3540: checking for C compiler default output file name
configure:3542: result: a.out
configure:3548: checking for suffix of executables
configure:3555: gcc -o conftest    conftest.c  >&5
configure:3559: $? = 0
configure:3581: result: 
configure:3603: checking whether we are cross compiling
configure:3611: gcc -o conftest    conftest.c  >&5
configure:3615: $? = 0
configure:3622: ./conftest
configure:3626: $? = 0
configure:3641: result: no
configure:3646: checking for suffix of object files
configure:3668: gcc -c   conftest.c >&5
configure:3672: $? = 0
configure:3693: result: o
configure:3697: checking whether we are using the GNU C compiler
configure:3716: gcc -c   conftest.c >&5
configure:3716: $? = 0
configure:3725: result: yes
configure:3734: checking whether gcc accepts -g
configure:3754: gcc -c -g  conftest.c >&5
configure:3754: $? = 0
configure:3795: result: yes
configure:3812: checking for gcc option to accept ISO C89
configure:3876: gcc  -c -g -O2  conftest.c >&5
configure:3876: $? = 0
configure:3889: result: none needed
configure:3920: checking for style of include used by make
configure:3948: result: GNU
configure:3973: checking dependency style of gcc
configure:4083: result: none
configure:4156: checking for g++
configure:4172: found /usr/bin/g++
configure:4183: result: g++
configure:4210: checking for C++ compiler version
configure:4219: g++ --version >&5
g++ (Ubuntu 5.4.0-6ubuntu1~16.04.10) 5.4.0 20160609
Copyright (C) 2015 Free Software Foundation, Inc.
This is free software; see the source for copying conditions.  There is NO
warranty; not even for MERCHANTABILITY or FITNESS FOR A PARTICULAR PURPOSE.

configure:4230: $? = 0
configure:4219: g++ -v >&5
Using built-in specs.
COLLECT_GCC=g++
COLLECT_LTO_WRAPPER=/usr/lib/gcc/x86_64-linux-gnu/5/lto-wrapper
Target: x86_64-linux-gnu
Configured with: ../src/configure -v --with-pkgversion='Ubuntu 5.4.0-6ubuntu1~16.04.10' --with-bugurl=file:///usr/share/doc/gcc-5/README.Bugs --enable-languages=c,ada,c++,java,go,d,fortran,objc,obj-c++ --prefix=/usr --program-suffix=-5 --enable-shared --enable-linker-build-id --libexecdir=/usr/lib --without-included-gettext --enable-threads=posix --libdir=/usr/lib --enable-nls --with-sysroot=/ --enable-clocale=gnu --enable-libstdcxx-debug --enable-libstdcxx-time=yes --with-default-libstdcxx-abi=new --enable-gnu-unique-object --disable-vtable-verify --enable-libmpx --enable-plugin --with-system-zlib --disable-browser-plugin --enable-java-awt=gtk --enable-gtk-cairo --with-java-home=/usr/lib/jvm/java-1.5.0-gcj-5-amd64/jre --enable-java-home --with-jvm-root-dir=/usr/lib/jvm/java-1.5.0-gcj-5-amd64 --with-jvm-jar-dir=/usr/lib/jvm-exports/java-1.5.0-gcj-5-amd64 --with-arch-directory=amd64 --with-ecj-jar=/usr/share/java/eclipse-ecj.jar --enable-objc-gc --enable-multiarch --disable-werror --with-arch-32=i686 --with-abi=m64 --with-multilib-list=m32,m64,mx32 --enable-multilib --with-tune=generic --enable-checking=release --build=x86_64-linux-gnu --host=x86_64-linux-gnu --target=x86_64-linux-gnu
Thread model: posix
gcc version 5.4.0 20160609 (Ubuntu 5.4.0-6ubuntu1~16.04.10) 
configure:4230: $? = 0
configure:4219: g++ -V >&5
g++: error: unrecognized command line option '-V'
g++: fatal error: no input files
compilation terminated.
configure:4230: $? = 1
configure:4219: g++ -qversion >&5
g++: error: unrecognized command line option '-qversion'
g++: fatal error: no input files
compilation terminated.
configure:4230: $? = 1
configure:4234: checking whether we are using the GNU C++ compiler
configure:4253: g++ -c   conftest.cpp >&5
configure:4253: $? = 0
configure:4262: result: yes
configure:4271: checking whether g++ accepts -g
configure:4291: g++ -c -g  conftest.cpp >&5
configure:4291: $? = 0
configure:4332: result: yes
configure:4357: checking dependency style of g++
configure:4467: result: none
configure:4488: checking how to run the C preprocessor
configure:4519: gcc -E  conftest.c
configure:4519: $? = 0
configure:4533: gcc -E  conftest.c
conftest.c:11:28: fatal error: ac_nonexistent.h: No such file or directory
compilation terminated.
configure:4533: $? = 1
configure: failed program was:
| /* confdefs.h */
| #define PACKAGE_NAME ""
| #define PACKAGE_TARNAME ""
| #define PACKAGE_VERSION ""
| #define PACKAGE_STRING ""
| #define PACKAGE_BUGREPORT ""
| #define PACKAGE_URL ""
| #define PACKAGE "cabocha"
| #define VERSION "0.61"
| /* end confdefs.h.  */
| #include <ac_nonexistent.h>
configure:4558: result: gcc -E
configure:4578: gcc -E  conftest.c
configure:4578: $? = 0
configure:4592: gcc -E  conftest.c
conftest.c:11:28: fatal error: ac_nonexistent.h: No such file or directory
compilation terminated.
configure:4592: $? = 1
configure: failed program was:
| /* confdefs.h */
| #define PACKAGE_NAME ""
| #define PACKAGE_TARNAME ""
| #define PACKAGE_VERSION ""
| #define PACKAGE_STRING ""
| #define PACKAGE_BUGREPORT ""
| #define PACKAGE_URL ""
| #define PACKAGE "cabocha"
| #define VERSION "0.61"
| /* end confdefs.h.  */
| #include <ac_nonexistent.h>
configure:4621: checking for grep that handles long lines and -e
configure:4679: result: /bin/grep
configure:4684: checking for egrep
configure:4746: result: /bin/grep -E
configure:4752: checking whether gcc needs -traditional
configure:4786: result: no
configure:4793: checking whether make sets $(MAKE)
configure:4815: result: yes
configure:4828: checking build system type
configure:4842: result: x86_64-unknown-linux-gnu
configure:4862: checking host system type
configure:4875: result: x86_64-unknown-linux-gnu
configure:5244: checking how to print strings
configure:5271: result: printf
configure:5292: checking for a sed that does not truncate output
configure:5356: result: /bin/sed
configure:5374: checking for fgrep
configure:5436: result: /bin/grep -F
configure:5471: checking for ld used by gcc
configure:5538: result: /usr/bin/ld
configure:5545: checking if the linker (/usr/bin/ld) is GNU ld
configure:5560: result: yes
configure:5572: checking for BSD- or MS-compatible name lister (nm)
configure:5621: result: /usr/bin/nm -B
configure:5751: checking the name lister (/usr/bin/nm -B) interface
configure:5758: gcc -c -g -O2  conftest.c >&5
configure:5761: /usr/bin/nm -B "conftest.o"
configure:5764: output
0000000000000000 B some_variable
configure:5771: result: BSD nm
configure:5774: checking whether ln -s works
configure:5778: result: yes
configure:5786: checking the maximum length of command line arguments
configure:5911: result: 1572864
configure:5928: checking whether the shell understands some XSI constructs
configure:5938: result: yes
configure:5942: checking whether the shell understands "+="
configure:5948: result: yes
configure:5983: checking how to convert x86_64-unknown-linux-gnu file names to x86_64-unknown-linux-gnu format
configure:6023: result: func_convert_file_noop
configure:6030: checking how to convert x86_64-unknown-linux-gnu file names to toolchain format
configure:6050: result: func_convert_file_noop
configure:6057: checking for /usr/bin/ld option to reload object files
configure:6064: result: -r
configure:6138: checking for objdump
configure:6165: result: objdump
configure:6194: checking how to recognize dependent libraries
configure:6396: result: pass_all
configure:6481: checking for dlltool
configure:6508: result: dlltool
configure:6538: checking how to associate runtime and link libraries
configure:6565: result: printf %s\n
configure:6625: checking for ar
configure:6641: found /usr/bin/ar
configure:6652: result: ar
configure:6689: checking for archiver @FILE support
configure:6706: gcc -c -g -O2  conftest.c >&5
configure:6706: $? = 0
configure:6709: ar cru libconftest.a @conftest.lst >&5
ar: `u' modifier ignored since `D' is the default (see `U')
configure:6712: $? = 0
configure:6717: ar cru libconftest.a @conftest.lst >&5
ar: `u' modifier ignored since `D' is the default (see `U')
ar: conftest.o: No such file or directory
configure:6720: $? = 1
configure:6732: result: @
configure:6790: checking for strip
configure:6806: found /usr/bin/strip
configure:6817: result: strip
configure:6889: checking for ranlib
configure:6905: found /usr/bin/ranlib
configure:6916: result: ranlib
configure:7018: checking command to parse /usr/bin/nm -B output from gcc object
configure:7137: gcc -c -g -O2  conftest.c >&5
configure:7140: $? = 0
configure:7144: /usr/bin/nm -B conftest.o \| sed -n -e 's/^.*[ ]\([ABCDGIRSTW][ABCDGIRSTW]*\)[ ][ ]*\([_A-Za-z][_A-Za-z0-9]*\)$/\1 \2 \2/p' | sed '/ __gnu_lto/d' \> conftest.nm
configure:7147: $? = 0
configure:7213: gcc -o conftest -g -O2   conftest.c conftstm.o >&5
configure:7216: $? = 0
configure:7254: result: ok
configure:7291: checking for sysroot
configure:7321: result: no
configure:7398: gcc -c -g -O2  conftest.c >&5
configure:7401: $? = 0
configure:7564: checking for mt
configure:7580: found /bin/mt
configure:7591: result: mt
configure:7614: checking if mt is a manifest tool
configure:7620: mt '-?'
configure:7628: result: no
configure:8255: checking for ANSI C header files
configure:8275: gcc -c -g -O2  conftest.c >&5
configure:8275: $? = 0
configure:8348: gcc -o conftest -g -O2   conftest.c  >&5
configure:8348: $? = 0
configure:8348: ./conftest
configure:8348: $? = 0
configure:8359: result: yes
configure:8372: checking for sys/types.h
configure:8372: gcc -c -g -O2  conftest.c >&5
configure:8372: $? = 0
configure:8372: result: yes
configure:8372: checking for sys/stat.h
configure:8372: gcc -c -g -O2  conftest.c >&5
configure:8372: $? = 0
configure:8372: result: yes
configure:8372: checking for stdlib.h
configure:8372: gcc -c -g -O2  conftest.c >&5
configure:8372: $? = 0
configure:8372: result: yes
configure:8372: checking for string.h
configure:8372: gcc -c -g -O2  conftest.c >&5
configure:8372: $? = 0
configure:8372: result: yes
configure:8372: checking for memory.h
configure:8372: gcc -c -g -O2  conftest.c >&5
configure:8372: $? = 0
configure:8372: result: yes
configure:8372: checking for strings.h
configure:8372: gcc -c -g -O2  conftest.c >&5
configure:8372: $? = 0
configure:8372: result: yes
configure:8372: checking for inttypes.h
configure:8372: gcc -c -g -O2  conftest.c >&5
configure:8372: $? = 0
configure:8372: result: yes
configure:8372: checking for stdint.h
configure:8372: gcc -c -g -O2  conftest.c >&5
configure:8372: $? = 0
configure:8372: result: yes
configure:8372: checking for unistd.h
configure:8372: gcc -c -g -O2  conftest.c >&5
configure:8372: $? = 0
configure:8372: result: yes
configure:8386: checking for dlfcn.h
configure:8386: gcc -c -g -O2  conftest.c >&5
configure:8386: $? = 0
configure:8386: result: yes
configure:8582: checking for objdir
configure:8597: result: .libs
configure:8864: checking if gcc supports -fno-rtti -fno-exceptions
configure:8882: gcc -c -g -O2  -fno-rtti -fno-exceptions conftest.c >&5
cc1: warning: command line option '-fno-rtti' is valid for C++/ObjC++ but not for C
configure:8886: $? = 0
configure:8899: result: no
configure:9209: checking for gcc option to produce PIC
configure:9216: result: -fPIC -DPIC
configure:9224: checking if gcc PIC flag -fPIC -DPIC works
configure:9242: gcc -c -g -O2  -fPIC -DPIC -DPIC conftest.c >&5
configure:9246: $? = 0
configure:9259: result: yes
configure:9288: checking if gcc static flag -static works
configure:9316: result: yes
configure:9331: checking if gcc supports -c -o file.o
configure:9352: gcc -c -g -O2  -o out/conftest2.o conftest.c >&5
configure:9356: $? = 0
configure:9378: result: yes
configure:9386: checking if gcc supports -c -o file.o
configure:9433: result: yes
configure:9466: checking whether the gcc linker (/usr/bin/ld -m elf_x86_64) supports shared libraries
configure:10628: result: yes
configure:10665: checking whether -lc should be explicitly linked in
configure:10673: gcc -c -g -O2  conftest.c >&5
configure:10676: $? = 0
configure:10691: gcc -shared  -fPIC -DPIC conftest.o  -v -Wl,-soname -Wl,conftest -o conftest 2\>\&1 \| /bin/grep  -lc  \>/dev/null 2\>\&1
configure:10694: $? = 0
configure:10708: result: no
configure:10873: checking dynamic linker characteristics
configure:11388: gcc -o conftest -g -O2   -Wl,-rpath -Wl,/foo conftest.c  >&5
configure:11388: $? = 0
configure:11622: result: GNU/Linux ld.so
configure:11729: checking how to hardcode library paths into programs
configure:11754: result: immediate
configure:12294: checking whether stripping libraries is possible
configure:12299: result: yes
configure:12334: checking if libtool supports shared libraries
configure:12336: result: yes
configure:12339: checking whether to build shared libraries
configure:12360: result: yes
configure:12363: checking whether to build static libraries
configure:12367: result: yes
configure:12390: checking how to run the C++ preprocessor
configure:12417: g++ -E  conftest.cpp
configure:12417: $? = 0
configure:12431: g++ -E  conftest.cpp
conftest.cpp:23:28: fatal error: ac_nonexistent.h: No such file or directory
compilation terminated.
configure:12431: $? = 1
configure: failed program was:
| /* confdefs.h */
| #define PACKAGE_NAME ""
| #define PACKAGE_TARNAME ""
| #define PACKAGE_VERSION ""
| #define PACKAGE_STRING ""
| #define PACKAGE_BUGREPORT ""
| #define PACKAGE_URL ""
| #define PACKAGE "cabocha"
| #define VERSION "0.61"
| #define STDC_HEADERS 1
| #define HAVE_SYS_TYPES_H 1
| #define HAVE_SYS_STAT_H 1
| #define HAVE_STDLIB_H 1
| #define HAVE_STRING_H 1
| #define HAVE_MEMORY_H 1
| #define HAVE_STRINGS_H 1
| #define HAVE_INTTYPES_H 1
| #define HAVE_STDINT_H 1
| #define HAVE_UNISTD_H 1
| #define HAVE_DLFCN_H 1
| #define LT_OBJDIR ".libs/"
| /* end confdefs.h.  */
| #include <ac_nonexistent.h>
configure:12456: result: g++ -E
configure:12476: g++ -E  conftest.cpp
configure:12476: $? = 0
configure:12490: g++ -E  conftest.cpp
conftest.cpp:23:28: fatal error: ac_nonexistent.h: No such file or directory
compilation terminated.
configure:12490: $? = 1
configure: failed program was:
| /* confdefs.h */
| #define PACKAGE_NAME ""
| #define PACKAGE_TARNAME ""
| #define PACKAGE_VERSION ""
| #define PACKAGE_STRING ""
| #define PACKAGE_BUGREPORT ""
| #define PACKAGE_URL ""
| #define PACKAGE "cabocha"
| #define VERSION "0.61"
| #define STDC_HEADERS 1
| #define HAVE_SYS_TYPES_H 1
| #define HAVE_SYS_STAT_H 1
| #define HAVE_STDLIB_H 1
| #define HAVE_STRING_H 1
| #define HAVE_MEMORY_H 1
| #define HAVE_STRINGS_H 1
| #define HAVE_INTTYPES_H 1
| #define HAVE_STDINT_H 1
| #define HAVE_UNISTD_H 1
| #define HAVE_DLFCN_H 1
| #define LT_OBJDIR ".libs/"
| /* end confdefs.h.  */
| #include <ac_nonexistent.h>
configure:12660: checking for ld used by g++
configure:12727: result: /usr/bin/ld -m elf_x86_64
configure:12734: checking if the linker (/usr/bin/ld -m elf_x86_64) is GNU ld
configure:12749: result: yes
configure:12804: checking whether the g++ linker (/usr/bin/ld -m elf_x86_64) supports shared libraries
configure:13808: result: yes
configure:13843: g++ -c -g -O2  conftest.cpp >&5
configure:13846: $? = 0
configure:14366: checking for g++ option to produce PIC
configure:14373: result: -fPIC -DPIC
configure:14381: checking if g++ PIC flag -fPIC -DPIC works
configure:14399: g++ -c -g -O2  -fPIC -DPIC -DPIC conftest.cpp >&5
configure:14403: $? = 0
configure:14416: result: yes
configure:14439: checking if g++ static flag -static works
configure:14467: result: yes
configure:14479: checking if g++ supports -c -o file.o
configure:14500: g++ -c -g -O2  -o out/conftest2.o conftest.cpp >&5
configure:14504: $? = 0
configure:14526: result: yes
configure:14531: checking if g++ supports -c -o file.o
configure:14578: result: yes
configure:14608: checking whether the g++ linker (/usr/bin/ld -m elf_x86_64) supports shared libraries
configure:14645: result: yes
configure:14788: checking dynamic linker characteristics
configure:15471: result: GNU/Linux ld.so
configure:15524: checking how to hardcode library paths into programs
configure:15549: result: immediate
configure:15608: checking for library containing strerror
configure:15639: gcc -o conftest -g -O2   conftest.c  >&5
configure:15639: $? = 0
configure:15656: result: none required
configure:15710: checking for ld used by GCC
configure:15774: result: /usr/bin/ld -m elf_x86_64
configure:15781: checking if the linker (/usr/bin/ld -m elf_x86_64) is GNU ld
configure:15794: result: yes
configure:15801: checking for shared library run path origin
configure:15814: result: done
configure:16392: checking for iconv
configure:16414: gcc -o conftest -g -O2   conftest.c  >&5
configure:16414: $? = 0
configure:16446: result: yes
configure:16449: checking for working iconv
configure:16544: gcc -o conftest -g -O2   conftest.c  >&5
configure:16544: $? = 0
configure:16544: ./conftest
configure:16544: $? = 0
configure:16556: result: yes
configure:16584: checking for iconv declaration
configure:16613: gcc -c -g -O2  conftest.c >&5
configure:16613: $? = 0
configure:16624: result:
         extern size_t iconv (iconv_t cd, char * *inbuf, size_t *inbytesleft, char * *outbuf, size_t *outbytesleft);
configure:16646: checking for ANSI C header files
configure:16750: result: yes
configure:16758: checking for an ANSI C-conforming const
configure:16823: gcc -c -g -O2  conftest.c >&5
configure:16823: $? = 0
configure:16830: result: yes
configure:16838: checking whether byte ordering is bigendian
configure:16853: gcc -c -g -O2  conftest.c >&5
conftest.c:27:9: error: unknown type name 'not'
         not a universal capable compiler
         ^
conftest.c:27:15: error: expected '=', ',', ';', 'asm' or '__attribute__' before 'universal'
         not a universal capable compiler
               ^
conftest.c:27:15: error: unknown type name 'universal'
configure:16853: $? = 1
configure: failed program was:
| /* confdefs.h */
| #define PACKAGE_NAME ""
| #define PACKAGE_TARNAME ""
| #define PACKAGE_VERSION ""
| #define PACKAGE_STRING ""
| #define PACKAGE_BUGREPORT ""
| #define PACKAGE_URL ""
| #define PACKAGE "cabocha"
| #define VERSION "0.61"
| #define STDC_HEADERS 1
| #define HAVE_SYS_TYPES_H 1
| #define HAVE_SYS_STAT_H 1
| #define HAVE_STDLIB_H 1
| #define HAVE_STRING_H 1
| #define HAVE_MEMORY_H 1
| #define HAVE_STRINGS_H 1
| #define HAVE_INTTYPES_H 1
| #define HAVE_STDINT_H 1
| #define HAVE_UNISTD_H 1
| #define HAVE_DLFCN_H 1
| #define LT_OBJDIR ".libs/"
| #define HAVE_ICONV 1
| #define ICONV_CONST 
| #define STDC_HEADERS 1
| /* end confdefs.h.  */
| #ifndef __APPLE_CC__
| 	       not a universal capable compiler
| 	     #endif
| 	     typedef int dummy;
| 
configure:16898: gcc -c -g -O2  conftest.c >&5
configure:16898: $? = 0
configure:16916: gcc -c -g -O2  conftest.c >&5
conftest.c: In function 'main':
conftest.c:33:4: error: unknown type name 'not'
    not big endian
    ^
conftest.c:33:12: error: expected '=', ',', ';', 'asm' or '__attribute__' before 'endian'
    not big endian
            ^
configure:16916: $? = 1
configure: failed program was:
| /* confdefs.h */
| #define PACKAGE_NAME ""
| #define PACKAGE_TARNAME ""
| #define PACKAGE_VERSION ""
| #define PACKAGE_STRING ""
| #define PACKAGE_BUGREPORT ""
| #define PACKAGE_URL ""
| #define PACKAGE "cabocha"
| #define VERSION "0.61"
| #define STDC_HEADERS 1
| #define HAVE_SYS_TYPES_H 1
| #define HAVE_SYS_STAT_H 1
| #define HAVE_STDLIB_H 1
| #define HAVE_STRING_H 1
| #define HAVE_MEMORY_H 1
| #define HAVE_STRINGS_H 1
| #define HAVE_INTTYPES_H 1
| #define HAVE_STDINT_H 1
| #define HAVE_UNISTD_H 1
| #define HAVE_DLFCN_H 1
| #define LT_OBJDIR ".libs/"
| #define HAVE_ICONV 1
| #define ICONV_CONST 
| #define STDC_HEADERS 1
| /* end confdefs.h.  */
| #include <sys/types.h>
| 		#include <sys/param.h>
| 
| int
| main ()
| {
| #if BYTE_ORDER != BIG_ENDIAN
| 		 not big endian
| 		#endif
| 
|   ;
|   return 0;
| }
configure:17044: result: no
configure:17067: checking for string.h
configure:17067: result: yes
configure:17067: checking for stdlib.h
configure:17067: result: yes
configure:17067: checking for unistd.h
configure:17067: result: yes
configure:17067: checking fcntl.h usability
configure:17067: gcc -c -g -O2  conftest.c >&5
configure:17067: $? = 0
configure:17067: result: yes
configure:17067: checking fcntl.h presence
configure:17067: gcc -E  conftest.c
configure:17067: $? = 0
configure:17067: result: yes
configure:17067: checking for fcntl.h
configure:17067: result: yes
configure:17067: checking for sys/stat.h
configure:17067: result: yes
configure:17067: checking sys/mman.h usability
configure:17067: gcc -c -g -O2  conftest.c >&5
configure:17067: $? = 0
configure:17067: result: yes
configure:17067: checking sys/mman.h presence
configure:17067: gcc -E  conftest.c
configure:17067: $? = 0
configure:17067: result: yes
configure:17067: checking for sys/mman.h
configure:17067: result: yes
configure:17067: checking sys/times.h usability
configure:17067: gcc -c -g -O2  conftest.c >&5
configure:17067: $? = 0
configure:17067: result: yes
configure:17067: checking sys/times.h presence
configure:17067: gcc -E  conftest.c
configure:17067: $? = 0
configure:17067: result: yes
configure:17067: checking for sys/times.h
configure:17067: result: yes
configure:17067: checking for sys/types.h
configure:17067: result: yes
configure:17067: checking dirent.h usability
configure:17067: gcc -c -g -O2  conftest.c >&5
configure:17067: $? = 0
configure:17067: result: yes
configure:17067: checking dirent.h presence
configure:17067: gcc -E  conftest.c
configure:17067: $? = 0
configure:17067: result: yes
configure:17067: checking for dirent.h
configure:17067: result: yes
configure:17067: checking ctype.h usability
configure:17067: gcc -c -g -O2  conftest.c >&5
configure:17067: $? = 0
configure:17067: result: yes
configure:17067: checking ctype.h presence
configure:17067: gcc -E  conftest.c
configure:17067: $? = 0
configure:17067: result: yes
configure:17067: checking for ctype.h
configure:17067: result: yes
configure:17067: checking for sys/types.h
configure:17067: result: yes
configure:17067: checking io.h usability
configure:17067: gcc -c -g -O2  conftest.c >&5
conftest.c:70:16: fatal error: io.h: No such file or directory
compilation terminated.
configure:17067: $? = 1
configure: failed program was:
| /* confdefs.h */
| #define PACKAGE_NAME ""
| #define PACKAGE_TARNAME ""
| #define PACKAGE_VERSION ""
| #define PACKAGE_STRING ""
| #define PACKAGE_BUGREPORT ""
| #define PACKAGE_URL ""
| #define PACKAGE "cabocha"
| #define VERSION "0.61"
| #define STDC_HEADERS 1
| #define HAVE_SYS_TYPES_H 1
| #define HAVE_SYS_STAT_H 1
| #define HAVE_STDLIB_H 1
| #define HAVE_STRING_H 1
| #define HAVE_MEMORY_H 1
| #define HAVE_STRINGS_H 1
| #define HAVE_INTTYPES_H 1
| #define HAVE_STDINT_H 1
| #define HAVE_UNISTD_H 1
| #define HAVE_DLFCN_H 1
| #define LT_OBJDIR ".libs/"
| #define HAVE_ICONV 1
| #define ICONV_CONST 
| #define STDC_HEADERS 1
| #define HAVE_STRING_H 1
| #define HAVE_STDLIB_H 1
| #define HAVE_UNISTD_H 1
| #define HAVE_FCNTL_H 1
| #define HAVE_SYS_STAT_H 1
| #define HAVE_SYS_MMAN_H 1
| #define HAVE_SYS_TIMES_H 1
| #define HAVE_SYS_TYPES_H 1
| #define HAVE_DIRENT_H 1
| #define HAVE_CTYPE_H 1
| #define HAVE_SYS_TYPES_H 1
| /* end confdefs.h.  */
| #include <stdio.h>
| #ifdef HAVE_SYS_TYPES_H
| # include <sys/types.h>
| #endif
| #ifdef HAVE_SYS_STAT_H
| # include <sys/stat.h>
| #endif
| #ifdef STDC_HEADERS
| # include <stdlib.h>
| # include <stddef.h>
| #else
| # ifdef HAVE_STDLIB_H
| #  include <stdlib.h>
| # endif
| #endif
| #ifdef HAVE_STRING_H
| # if !defined STDC_HEADERS && defined HAVE_MEMORY_H
| #  include <memory.h>
| # endif
| # include <string.h>
| #endif
| #ifdef HAVE_STRINGS_H
| # include <strings.h>
| #endif
| #ifdef HAVE_INTTYPES_H
| # include <inttypes.h>
| #endif
| #ifdef HAVE_STDINT_H
| # include <stdint.h>
| #endif
| #ifdef HAVE_UNISTD_H
| # include <unistd.h>
| #endif
| #include <io.h>
configure:17067: result: no
configure:17067: checking io.h presence
configure:17067: gcc -E  conftest.c
conftest.c:37:16: fatal error: io.h: No such file or directory
compilation terminated.
configure:17067: $? = 1
configure: failed program was:
| /* confdefs.h */
| #define PACKAGE_NAME ""
| #define PACKAGE_TARNAME ""
| #define PACKAGE_VERSION ""
| #define PACKAGE_STRING ""
| #define PACKAGE_BUGREPORT ""
| #define PACKAGE_URL ""
| #define PACKAGE "cabocha"
| #define VERSION "0.61"
| #define STDC_HEADERS 1
| #define HAVE_SYS_TYPES_H 1
| #define HAVE_SYS_STAT_H 1
| #define HAVE_STDLIB_H 1
| #define HAVE_STRING_H 1
| #define HAVE_MEMORY_H 1
| #define HAVE_STRINGS_H 1
| #define HAVE_INTTYPES_H 1
| #define HAVE_STDINT_H 1
| #define HAVE_UNISTD_H 1
| #define HAVE_DLFCN_H 1
| #define LT_OBJDIR ".libs/"
| #define HAVE_ICONV 1
| #define ICONV_CONST 
| #define STDC_HEADERS 1
| #define HAVE_STRING_H 1
| #define HAVE_STDLIB_H 1
| #define HAVE_UNISTD_H 1
| #define HAVE_FCNTL_H 1
| #define HAVE_SYS_STAT_H 1
| #define HAVE_SYS_MMAN_H 1
| #define HAVE_SYS_TIMES_H 1
| #define HAVE_SYS_TYPES_H 1
| #define HAVE_DIRENT_H 1
| #define HAVE_CTYPE_H 1
| #define HAVE_SYS_TYPES_H 1
| /* end confdefs.h.  */
| #include <io.h>
configure:17067: result: no
configure:17067: checking for io.h
configure:17067: result: no
configure:17067: checking windows.h usability
configure:17067: gcc -c -g -O2  conftest.c >&5
conftest.c:70:21: fatal error: windows.h: No such file or directory
compilation terminated.
configure:17067: $? = 1
configure: failed program was:
| /* confdefs.h */
| #define PACKAGE_NAME ""
| #define PACKAGE_TARNAME ""
| #define PACKAGE_VERSION ""
| #define PACKAGE_STRING ""
| #define PACKAGE_BUGREPORT ""
| #define PACKAGE_URL ""
| #define PACKAGE "cabocha"
| #define VERSION "0.61"
| #define STDC_HEADERS 1
| #define HAVE_SYS_TYPES_H 1
| #define HAVE_SYS_STAT_H 1
| #define HAVE_STDLIB_H 1
| #define HAVE_STRING_H 1
| #define HAVE_MEMORY_H 1
| #define HAVE_STRINGS_H 1
| #define HAVE_INTTYPES_H 1
| #define HAVE_STDINT_H 1
| #define HAVE_UNISTD_H 1
| #define HAVE_DLFCN_H 1
| #define LT_OBJDIR ".libs/"
| #define HAVE_ICONV 1
| #define ICONV_CONST 
| #define STDC_HEADERS 1
| #define HAVE_STRING_H 1
| #define HAVE_STDLIB_H 1
| #define HAVE_UNISTD_H 1
| #define HAVE_FCNTL_H 1
| #define HAVE_SYS_STAT_H 1
| #define HAVE_SYS_MMAN_H 1
| #define HAVE_SYS_TIMES_H 1
| #define HAVE_SYS_TYPES_H 1
| #define HAVE_DIRENT_H 1
| #define HAVE_CTYPE_H 1
| #define HAVE_SYS_TYPES_H 1
| /* end confdefs.h.  */
| #include <stdio.h>
| #ifdef HAVE_SYS_TYPES_H
| # include <sys/types.h>
| #endif
| #ifdef HAVE_SYS_STAT_H
| # include <sys/stat.h>
| #endif
| #ifdef STDC_HEADERS
| # include <stdlib.h>
| # include <stddef.h>
| #else
| # ifdef HAVE_STDLIB_H
| #  include <stdlib.h>
| # endif
| #endif
| #ifdef HAVE_STRING_H
| # if !defined STDC_HEADERS && defined HAVE_MEMORY_H
| #  include <memory.h>
| # endif
| # include <string.h>
| #endif
| #ifdef HAVE_STRINGS_H
| # include <strings.h>
| #endif
| #ifdef HAVE_INTTYPES_H
| # include <inttypes.h>
| #endif
| #ifdef HAVE_STDINT_H
| # include <stdint.h>
| #endif
| #ifdef HAVE_UNISTD_H
| # include <unistd.h>
| #endif
| #include <windows.h>
configure:17067: result: no
configure:17067: checking windows.h presence
configure:17067: gcc -E  conftest.c
conftest.c:37:21: fatal error: windows.h: No such file or directory
compilation terminated.
configure:17067: $? = 1
configure: failed program was:
| /* confdefs.h */
| #define PACKAGE_NAME ""
| #define PACKAGE_TARNAME ""
| #define PACKAGE_VERSION ""
| #define PACKAGE_STRING ""
| #define PACKAGE_BUGREPORT ""
| #define PACKAGE_URL ""
| #define PACKAGE "cabocha"
| #define VERSION "0.61"
| #define STDC_HEADERS 1
| #define HAVE_SYS_TYPES_H 1
| #define HAVE_SYS_STAT_H 1
| #define HAVE_STDLIB_H 1
| #define HAVE_STRING_H 1
| #define HAVE_MEMORY_H 1
| #define HAVE_STRINGS_H 1
| #define HAVE_INTTYPES_H 1
| #define HAVE_STDINT_H 1
| #define HAVE_UNISTD_H 1
| #define HAVE_DLFCN_H 1
| #define LT_OBJDIR ".libs/"
| #define HAVE_ICONV 1
| #define ICONV_CONST 
| #define STDC_HEADERS 1
| #define HAVE_STRING_H 1
| #define HAVE_STDLIB_H 1
| #define HAVE_UNISTD_H 1
| #define HAVE_FCNTL_H 1
| #define HAVE_SYS_STAT_H 1
| #define HAVE_SYS_MMAN_H 1
| #define HAVE_SYS_TIMES_H 1
| #define HAVE_SYS_TYPES_H 1
| #define HAVE_DIRENT_H 1
| #define HAVE_CTYPE_H 1
| #define HAVE_SYS_TYPES_H 1
| /* end confdefs.h.  */
| #include <windows.h>
configure:17067: result: no
configure:17067: checking for windows.h
configure:17067: result: no
configure:17067: checking pthread.h usability
configure:17067: gcc -c -g -O2  conftest.c >&5
configure:17067: $? = 0
configure:17067: result: yes
configure:17067: checking pthread.h presence
configure:17067: gcc -E  conftest.c
configure:17067: $? = 0
configure:17067: result: yes
configure:17067: checking for pthread.h
configure:17067: result: yes
configure:17067: checking setjmp.h usability
configure:17067: gcc -c -g -O2  conftest.c >&5
configure:17067: $? = 0
configure:17067: result: yes
configure:17067: checking setjmp.h presence
configure:17067: gcc -E  conftest.c
configure:17067: $? = 0
configure:17067: result: yes
configure:17067: checking for setjmp.h
configure:17067: result: yes
configure:17077: checking for off_t
configure:17077: gcc -c -g -O2  conftest.c >&5
configure:17077: $? = 0
configure:17077: gcc -c -g -O2  conftest.c >&5
conftest.c: In function 'main':
conftest.c:75:20: error: expected expression before ')' token
 if (sizeof ((off_t)))
                    ^
configure:17077: $? = 1
configure: failed program was:
| /* confdefs.h */
| #define PACKAGE_NAME ""
| #define PACKAGE_TARNAME ""
| #define PACKAGE_VERSION ""
| #define PACKAGE_STRING ""
| #define PACKAGE_BUGREPORT ""
| #define PACKAGE_URL ""
| #define PACKAGE "cabocha"
| #define VERSION "0.61"
| #define STDC_HEADERS 1
| #define HAVE_SYS_TYPES_H 1
| #define HAVE_SYS_STAT_H 1
| #define HAVE_STDLIB_H 1
| #define HAVE_STRING_H 1
| #define HAVE_MEMORY_H 1
| #define HAVE_STRINGS_H 1
| #define HAVE_INTTYPES_H 1
| #define HAVE_STDINT_H 1
| #define HAVE_UNISTD_H 1
| #define HAVE_DLFCN_H 1
| #define LT_OBJDIR ".libs/"
| #define HAVE_ICONV 1
| #define ICONV_CONST 
| #define STDC_HEADERS 1
| #define HAVE_STRING_H 1
| #define HAVE_STDLIB_H 1
| #define HAVE_UNISTD_H 1
| #define HAVE_FCNTL_H 1
| #define HAVE_SYS_STAT_H 1
| #define HAVE_SYS_MMAN_H 1
| #define HAVE_SYS_TIMES_H 1
| #define HAVE_SYS_TYPES_H 1
| #define HAVE_DIRENT_H 1
| #define HAVE_CTYPE_H 1
| #define HAVE_SYS_TYPES_H 1
| #define HAVE_PTHREAD_H 1
| #define HAVE_SETJMP_H 1
| /* end confdefs.h.  */
| #include <stdio.h>
| #ifdef HAVE_SYS_TYPES_H
| # include <sys/types.h>
| #endif
| #ifdef HAVE_SYS_STAT_H
| # include <sys/stat.h>
| #endif
| #ifdef STDC_HEADERS
| # include <stdlib.h>
| # include <stddef.h>
| #else
| # ifdef HAVE_STDLIB_H
| #  include <stdlib.h>
| # endif
| #endif
| #ifdef HAVE_STRING_H
| # if !defined STDC_HEADERS && defined HAVE_MEMORY_H
| #  include <memory.h>
| # endif
| # include <string.h>
| #endif
| #ifdef HAVE_STRINGS_H
| # include <strings.h>
| #endif
| #ifdef HAVE_INTTYPES_H
| # include <inttypes.h>
| #endif
| #ifdef HAVE_STDINT_H
| # include <stdint.h>
| #endif
| #ifdef HAVE_UNISTD_H
| # include <unistd.h>
| #endif
| int
| main ()
| {
| if (sizeof ((off_t)))
| 	    return 0;
|   ;
|   return 0;
| }
configure:17077: result: yes
configure:17088: checking for size_t
configure:17088: gcc -c -g -O2  conftest.c >&5
configure:17088: $? = 0
configure:17088: gcc -c -g -O2  conftest.c >&5
conftest.c: In function 'main':
conftest.c:75:21: error: expected expression before ')' token
 if (sizeof ((size_t)))
                     ^
configure:17088: $? = 1
configure: failed program was:
| /* confdefs.h */
| #define PACKAGE_NAME ""
| #define PACKAGE_TARNAME ""
| #define PACKAGE_VERSION ""
| #define PACKAGE_STRING ""
| #define PACKAGE_BUGREPORT ""
| #define PACKAGE_URL ""
| #define PACKAGE "cabocha"
| #define VERSION "0.61"
| #define STDC_HEADERS 1
| #define HAVE_SYS_TYPES_H 1
| #define HAVE_SYS_STAT_H 1
| #define HAVE_STDLIB_H 1
| #define HAVE_STRING_H 1
| #define HAVE_MEMORY_H 1
| #define HAVE_STRINGS_H 1
| #define HAVE_INTTYPES_H 1
| #define HAVE_STDINT_H 1
| #define HAVE_UNISTD_H 1
| #define HAVE_DLFCN_H 1
| #define LT_OBJDIR ".libs/"
| #define HAVE_ICONV 1
| #define ICONV_CONST 
| #define STDC_HEADERS 1
| #define HAVE_STRING_H 1
| #define HAVE_STDLIB_H 1
| #define HAVE_UNISTD_H 1
| #define HAVE_FCNTL_H 1
| #define HAVE_SYS_STAT_H 1
| #define HAVE_SYS_MMAN_H 1
| #define HAVE_SYS_TIMES_H 1
| #define HAVE_SYS_TYPES_H 1
| #define HAVE_DIRENT_H 1
| #define HAVE_CTYPE_H 1
| #define HAVE_SYS_TYPES_H 1
| #define HAVE_PTHREAD_H 1
| #define HAVE_SETJMP_H 1
| /* end confdefs.h.  */
| #include <stdio.h>
| #ifdef HAVE_SYS_TYPES_H
| # include <sys/types.h>
| #endif
| #ifdef HAVE_SYS_STAT_H
| # include <sys/stat.h>
| #endif
| #ifdef STDC_HEADERS
| # include <stdlib.h>
| # include <stddef.h>
| #else
| # ifdef HAVE_STDLIB_H
| #  include <stdlib.h>
| # endif
| #endif
| #ifdef HAVE_STRING_H
| # if !defined STDC_HEADERS && defined HAVE_MEMORY_H
| #  include <memory.h>
| # endif
| # include <string.h>
| #endif
| #ifdef HAVE_STRINGS_H
| # include <strings.h>
| #endif
| #ifdef HAVE_INTTYPES_H
| # include <inttypes.h>
| #endif
| #ifdef HAVE_STDINT_H
| # include <stdint.h>
| #endif
| #ifdef HAVE_UNISTD_H
| # include <unistd.h>
| #endif
| int
| main ()
| {
| if (sizeof ((size_t)))
| 	    return 0;
|   ;
|   return 0;
| }
configure:17088: result: yes
configure:17103: checking size of char
configure:17108: gcc -o conftest -g -O2   conftest.c  >&5
configure:17108: $? = 0
configure:17108: ./conftest
configure:17108: $? = 0
configure:17122: result: 1
configure:17136: checking size of short
configure:17141: gcc -o conftest -g -O2   conftest.c  >&5
configure:17141: $? = 0
configure:17141: ./conftest
configure:17141: $? = 0
configure:17155: result: 2
configure:17169: checking size of int
configure:17174: gcc -o conftest -g -O2   conftest.c  >&5
configure:17174: $? = 0
configure:17174: ./conftest
configure:17174: $? = 0
configure:17188: result: 4
configure:17202: checking size of long
configure:17207: gcc -o conftest -g -O2   conftest.c  >&5
configure:17207: $? = 0
configure:17207: ./conftest
configure:17207: $? = 0
configure:17221: result: 8
configure:17235: checking size of long long
configure:17240: gcc -o conftest -g -O2   conftest.c  >&5
configure:17240: $? = 0
configure:17240: ./conftest
configure:17240: $? = 0
configure:17254: result: 8
configure:17268: checking size of size_t
configure:17273: gcc -o conftest -g -O2   conftest.c  >&5
configure:17273: $? = 0
configure:17273: ./conftest
configure:17273: $? = 0
configure:17287: result: 8
configure:17297: checking for size_t
configure:17297: result: yes
configure:17315: checking for stdlib.h
configure:17315: result: yes
configure:17315: checking for unistd.h
configure:17315: result: yes
configure:17315: checking for sys/param.h
configure:17315: gcc -c -g -O2  conftest.c >&5
configure:17315: $? = 0
configure:17315: result: yes
configure:17335: checking for getpagesize
configure:17335: gcc -o conftest -g -O2   conftest.c  >&5
configure:17335: $? = 0
configure:17335: result: yes
configure:17344: checking for working mmap
configure:17491: gcc -o conftest -g -O2   conftest.c  >&5
configure:17491: $? = 0
configure:17491: ./conftest
configure:17491: $? = 0
configure:17501: result: yes
configure:17512: checking for getenv
configure:17512: gcc -o conftest -g -O2   conftest.c  >&5
configure:17512: $? = 0
configure:17512: result: yes
configure:17523: checking for opendir
configure:17523: gcc -o conftest -g -O2   conftest.c  >&5
configure:17523: $? = 0
configure:17523: result: yes
configure:17534: checking for setjmp
configure:17534: gcc -o conftest -g -O2   conftest.c  >&5
configure:17534: $? = 0
configure:17534: result: yes
configure:17545: checking for snprintf
configure:17545: gcc -o conftest -g -O2   conftest.c  >&5
conftest.c:76:6: warning: conflicting types for built-in function 'snprintf'
 char snprintf ();
      ^
configure:17545: $? = 0
configure:17545: result: yes
configure:17621: result: using /usr/bin/mecab-config for mecab-config
configure:17681: checking for main in -lstdc++
configure:17700: g++ -o conftest -O3 -Wno-deprecated -Wall   conftest.cpp -lstdc++   -L/usr/lib -lmecab -lstdc++ >&5
configure:17700: $? = 0
configure:17709: result: yes
configure:17715: checking for crfpp_new in -lcrfpp
configure:17740: g++ -o conftest -O3 -Wno-deprecated -Wall   conftest.cpp -lcrfpp   -L/usr/lib -lmecab -lstdc++ >&5
configure:17740: $? = 0
configure:17749: result: yes
configure:17755: checking for mecab_new in -lmecab
configure:17780: g++ -o conftest -O3 -Wno-deprecated -Wall   conftest.cpp -lmecab   -L/usr/lib -lmecab -lstdc++ >&5
configure:17780: $? = 0
configure:17789: result: yes
configure:17803: checking if g++ supports stl <vector> (required)
configure:17820: g++ -c -O3 -Wno-deprecated -Wall  conftest.cpp >&5
configure:17820: $? = 0
configure:17832: result: yes
configure:17836: checking if g++ supports stl <list> (required)
configure:17853: g++ -c -O3 -Wno-deprecated -Wall  conftest.cpp >&5
configure:17853: $? = 0
configure:17865: result: yes
configure:17869: checking if g++ supports stl <map> (required)
configure:17886: g++ -c -O3 -Wno-deprecated -Wall  conftest.cpp >&5
configure:17886: $? = 0
configure:17898: result: yes
configure:17902: checking if g++ supports stl <set> (required)
configure:17919: g++ -c -O3 -Wno-deprecated -Wall  conftest.cpp >&5
configure:17919: $? = 0
configure:17931: result: yes
configure:17935: checking if g++ supports stl <queue> (required)
configure:17952: g++ -c -O3 -Wno-deprecated -Wall  conftest.cpp >&5
configure:17952: $? = 0
configure:17964: result: yes
configure:17968: checking if g++ supports stl <functional> (required)
configure:17985: g++ -c -O3 -Wno-deprecated -Wall  conftest.cpp >&5
configure:17985: $? = 0
configure:17997: result: yes
configure:18001: checking if g++ supports stl <algorithm> (required)
configure:18018: g++ -c -O3 -Wno-deprecated -Wall  conftest.cpp >&5
configure:18018: $? = 0
configure:18030: result: yes
configure:18034: checking if g++ supports stl <string> (required)
configure:18051: g++ -c -O3 -Wno-deprecated -Wall  conftest.cpp >&5
configure:18051: $? = 0
configure:18063: result: yes
configure:18067: checking if g++ supports stl <iostream> (required)
configure:18084: g++ -c -O3 -Wno-deprecated -Wall  conftest.cpp >&5
configure:18084: $? = 0
configure:18096: result: yes
configure:18100: checking if g++ supports stl <strstream> (required)
configure:18117: g++ -c -O3 -Wno-deprecated -Wall  conftest.cpp >&5
configure:18117: $? = 0
configure:18129: result: yes
configure:18133: checking if g++ supports stl <fstream> (required)
configure:18150: g++ -c -O3 -Wno-deprecated -Wall  conftest.cpp >&5
configure:18150: $? = 0
configure:18162: result: yes
configure:18167: checking if g++ supports template <class T> (required)
configure:18186: g++ -c -O3 -Wno-deprecated -Wall  conftest.cpp >&5
configure:18186: $? = 0
configure:18198: result: yes
configure:18202: checking if g++ supports const_cast<> (required)
configure:18220: g++ -c -O3 -Wno-deprecated -Wall  conftest.cpp >&5
conftest.cpp: In function 'int main()':
conftest.cpp:62:9: warning: unused variable 'c1' [-Wunused-variable]
    foo *c1=const_cast<foo*>(c);
         ^
configure:18220: $? = 0
configure:18232: result: yes
configure:18236: checking if g++ supports static_cast<> (required)
configure:18254: g++ -c -O3 -Wno-deprecated -Wall  conftest.cpp >&5
conftest.cpp: In function 'int main()':
conftest.cpp:62:10: warning: unused variable 'c1' [-Wunused-variable]
    void *c1 = static_cast<void *>(c);
          ^
configure:18254: $? = 0
configure:18266: result: yes
configure:18270: checking if g++ supports dynamic_cast<> (required)
configure:18289: g++ -c -O3 -Wno-deprecated -Wall  conftest.cpp >&5
conftest.cpp: In function 'int main()':
conftest.cpp:63:9: warning: unused variable 'c1' [-Wunused-variable]
    foo *c1 = dynamic_cast<foo *>(c);
         ^
configure:18289: $? = 0
configure:18301: result: yes
configure:18305: checking if g++ supports reinterpret_cast<> (required)
configure:18322: g++ -c -O3 -Wno-deprecated -Wall  conftest.cpp >&5
conftest.cpp: In function 'int main()':
conftest.cpp:61:10: warning: unused variable 'p' [-Wunused-variable]
    char *p = reinterpret_cast<char *>(a);
          ^
configure:18322: $? = 0
configure:18334: result: yes
configure:18338: checking if g++ supports exception handler (required)
configure:18361: g++ -c -O3 -Wno-deprecated -Wall  conftest.cpp >&5
conftest.cpp: In function 'int main()':
conftest.cpp:62:11: warning: unused variable 'i' [-Wunused-variable]
       int i = 0;
           ^
configure:18361: $? = 0
configure:18373: result: yes
configure:18377: checking if g++ supports namespaces (required) 
configure:18395: g++ -c -O3 -Wno-deprecated -Wall  conftest.cpp >&5
conftest.cpp: In function 'int main()':
conftest.cpp:62:3: warning: unused variable 'a' [-Wunused-variable]
 A a;
   ^
configure:18395: $? = 0
configure:18406: result: yes
configure:18410: checking if g++ supports __thread (optional)
configure:18427: g++ -c -O3 -Wno-deprecated -Wall  conftest.cpp >&5
configure:18427: $? = 0
configure:18437: result: yes
configure:18450: checking if g++ environment provides all required features
configure:18458: result: yes
configure:18625: creating ./config.status

## ---------------------- ##
## Running config.status. ##
## ---------------------- ##

This file was extended by config.status, which was
generated by GNU Autoconf 2.68.  Invocation command line was

  CONFIG_FILES    = 
  CONFIG_HEADERS  = 
  CONFIG_LINKS    = 
  CONFIG_COMMANDS = 
  $ ./config.status 

on komomo

config.status:1211: creating Makefile
config.status:1211: creating src/Makefile
config.status:1211: creating src/Makefile.msvc
config.status:1211: creating model/Makefile
config.status:1211: creating man/Makefile
config.status:1211: creating swig/version.h
config.status:1211: creating cabocha-config
config.status:1211: creating cabocharc
config.status:1211: creating cabocha.iss
config.status:1211: creating config.h
config.status:1440: executing depfiles commands
config.status:1440: executing libtool commands
config.status:1440: executing default commands

## ---------------- ##
## Cache variables. ##
## ---------------- ##

ac_cv_build=x86_64-unknown-linux-gnu
ac_cv_c_bigendian=no
ac_cv_c_compiler_gnu=yes
ac_cv_c_const=yes
ac_cv_cxx_compiler_gnu=yes
ac_cv_env_CCC_set=
ac_cv_env_CCC_value=
ac_cv_env_CC_set=
ac_cv_env_CC_value=
ac_cv_env_CFLAGS_set=
ac_cv_env_CFLAGS_value=
ac_cv_env_CPPFLAGS_set=
ac_cv_env_CPPFLAGS_value=
ac_cv_env_CPP_set=
ac_cv_env_CPP_value=
ac_cv_env_CXXCPP_set=
ac_cv_env_CXXCPP_value=
ac_cv_env_CXXFLAGS_set=
ac_cv_env_CXXFLAGS_value=
ac_cv_env_CXX_set=
ac_cv_env_CXX_value=
ac_cv_env_LDFLAGS_set=
ac_cv_env_LDFLAGS_value=
ac_cv_env_LIBS_set=
ac_cv_env_LIBS_value=
ac_cv_env_build_alias_set=
ac_cv_env_build_alias_value=
ac_cv_env_host_alias_set=
ac_cv_env_host_alias_value=
ac_cv_env_target_alias_set=
ac_cv_env_target_alias_value=
ac_cv_func_getenv=yes
ac_cv_func_getpagesize=yes
ac_cv_func_mmap_fixed_mapped=yes
ac_cv_func_opendir=yes
ac_cv_func_setjmp=yes
ac_cv_func_snprintf=yes
ac_cv_header_ctype_h=yes
ac_cv_header_dirent_h=yes
ac_cv_header_dlfcn_h=yes
ac_cv_header_fcntl_h=yes
ac_cv_header_inttypes_h=yes
ac_cv_header_io_h=no
ac_cv_header_memory_h=yes
ac_cv_header_pthread_h=yes
ac_cv_header_setjmp_h=yes
ac_cv_header_stdc=yes
ac_cv_header_stdint_h=yes
ac_cv_header_stdlib_h=yes
ac_cv_header_string_h=yes
ac_cv_header_strings_h=yes
ac_cv_header_sys_mman_h=yes
ac_cv_header_sys_param_h=yes
ac_cv_header_sys_stat_h=yes
ac_cv_header_sys_times_h=yes
ac_cv_header_sys_types_h=yes
ac_cv_header_unistd_h=yes
ac_cv_header_windows_h=no
ac_cv_host=x86_64-unknown-linux-gnu
ac_cv_lib_crfpp_crfpp_new=yes
ac_cv_lib_mecab_mecab_new=yes
ac_cv_lib_stdcpp_main=yes
ac_cv_objext=o
ac_cv_path_EGREP='/bin/grep -E'
ac_cv_path_FGREP='/bin/grep -F'
ac_cv_path_GREP=/bin/grep
ac_cv_path_SED=/bin/sed
ac_cv_path_install='/usr/bin/install -c'
ac_cv_path_mkdir=/bin/mkdir
ac_cv_prog_AWK=mawk
ac_cv_prog_CPP='gcc -E'
ac_cv_prog_CXXCPP='g++ -E'
ac_cv_prog_ac_ct_AR=ar
ac_cv_prog_ac_ct_CC=gcc
ac_cv_prog_ac_ct_CXX=g++
ac_cv_prog_ac_ct_DLLTOOL=dlltool
ac_cv_prog_ac_ct_MANIFEST_TOOL=mt
ac_cv_prog_ac_ct_OBJDUMP=objdump
ac_cv_prog_ac_ct_RANLIB=ranlib
ac_cv_prog_ac_ct_STRIP=strip
ac_cv_prog_cc_c89=
ac_cv_prog_cc_g=yes
ac_cv_prog_cxx_g=yes
ac_cv_prog_gcc_traditional=no
ac_cv_prog_make_make_set=yes
ac_cv_search_strerror='none required'
ac_cv_sizeof_char=1
ac_cv_sizeof_int=4
ac_cv_sizeof_long=8
ac_cv_sizeof_long_long=8
ac_cv_sizeof_short=2
ac_cv_sizeof_size_t=8
ac_cv_type_off_t=yes
ac_cv_type_size_t=yes
acl_cv_hardcode_direct=no
acl_cv_hardcode_libdir_flag_spec='${wl}-rpath ${wl}$libdir'
acl_cv_hardcode_libdir_separator=
acl_cv_hardcode_minus_L=no
acl_cv_libext=a
acl_cv_path_LD='/usr/bin/ld -m elf_x86_64'
acl_cv_prog_gnu_ld=yes
acl_cv_rpath=done
acl_cv_shlibext=so
acl_cv_wl=-Wl,
am_cv_CC_dependencies_compiler_type=none
am_cv_CXX_dependencies_compiler_type=none
am_cv_func_iconv=yes
am_cv_func_iconv_works=yes
am_cv_lib_iconv=no
am_cv_proto_iconv='extern size_t iconv (iconv_t cd, char * *inbuf, size_t *inbytesleft, char * *outbuf, size_t *outbytesleft);'
am_cv_proto_iconv_arg1=
lt_cv_ar_at_file=@
lt_cv_archive_cmds_need_lc=no
lt_cv_deplibs_check_method=pass_all
lt_cv_file_magic_cmd='$MAGIC_CMD'
lt_cv_file_magic_test_file=
lt_cv_ld_reload_flag=-r
lt_cv_nm_interface='BSD nm'
lt_cv_objdir=.libs
lt_cv_path_LD=/usr/bin/ld
lt_cv_path_LDCXX='/usr/bin/ld -m elf_x86_64'
lt_cv_path_NM='/usr/bin/nm -B'
lt_cv_path_mainfest_tool=no
lt_cv_prog_compiler_c_o=yes
lt_cv_prog_compiler_c_o_CXX=yes
lt_cv_prog_compiler_pic='-fPIC -DPIC'
lt_cv_prog_compiler_pic_CXX='-fPIC -DPIC'
lt_cv_prog_compiler_pic_works=yes
lt_cv_prog_compiler_pic_works_CXX=yes
lt_cv_prog_compiler_rtti_exceptions=no
lt_cv_prog_compiler_static_works=yes
lt_cv_prog_compiler_static_works_CXX=yes
lt_cv_prog_gnu_ld=yes
lt_cv_prog_gnu_ldcxx=yes
lt_cv_sharedlib_from_linklib_cmd='printf %s\n'
lt_cv_shlibpath_overrides_runpath=no
lt_cv_sys_global_symbol_pipe='sed -n -e '\''s/^.*[	 ]\([ABCDGIRSTW][ABCDGIRSTW]*\)[	 ][	 ]*\([_A-Za-z][_A-Za-z0-9]*\)$/\1 \2 \2/p'\'' | sed '\''/ __gnu_lto/d'\'''
lt_cv_sys_global_symbol_to_c_name_address='sed -n -e '\''s/^: \([^ ]*\)[ ]*$/  {\"\1\", (void *) 0},/p'\'' -e '\''s/^[ABCDGIRSTW]* \([^ ]*\) \([^ ]*\)$/  {"\2", (void *) \&\2},/p'\'''
lt_cv_sys_global_symbol_to_c_name_address_lib_prefix='sed -n -e '\''s/^: \([^ ]*\)[ ]*$/  {\"\1\", (void *) 0},/p'\'' -e '\''s/^[ABCDGIRSTW]* \([^ ]*\) \(lib[^ ]*\)$/  {"\2", (void *) \&\2},/p'\'' -e '\''s/^[ABCDGIRSTW]* \([^ ]*\) \([^ ]*\)$/  {"lib\2", (void *) \&\2},/p'\'''
lt_cv_sys_global_symbol_to_cdecl='sed -n -e '\''s/^T .* \(.*\)$/extern int \1();/p'\'' -e '\''s/^[ABCDGIRSTW]* .* \(.*\)$/extern char \1;/p'\'''
lt_cv_sys_max_cmd_len=1572864
lt_cv_to_host_file_cmd=func_convert_file_noop
lt_cv_to_tool_file_cmd=func_convert_file_noop

## ----------------- ##
## Output variables. ##
## ----------------- ##

ACLOCAL='${SHELL} /home/moko/OneDrive/Linux/Practice/LanguageProcessing/40_49/cabocha-0.61/missing --run aclocal-1.11'
AMDEPBACKSLASH='\'
AMDEP_FALSE='#'
AMDEP_TRUE=''
AMTAR='${SHELL} /home/moko/OneDrive/Linux/Practice/LanguageProcessing/40_49/cabocha-0.61/missing --run tar'
AR='ar'
AS='as'
AUTOCONF='${SHELL} /home/moko/OneDrive/Linux/Practice/LanguageProcessing/40_49/cabocha-0.61/missing --run autoconf'
AUTOHEADER='${SHELL} /home/moko/OneDrive/Linux/Practice/LanguageProcessing/40_49/cabocha-0.61/missing --run autoheader'
AUTOMAKE='${SHELL} /home/moko/OneDrive/Linux/Practice/LanguageProcessing/40_49/cabocha-0.61/missing --run automake-1.11'
AWK='mawk'
CABOCHA_DEFAULT_RC='${prefix}/etc/cabocharc'
CABOCHA_LIBS='-lcrfpp -lmecab  -L/usr/lib -lmecab -lstdc++'
CABOCHA_MODEL_LIST='chunk.ipa.model chunk.juman.model chunk.unidic.model dep.ipa.model dep.juman.model dep.unidic.model ne.ipa.model ne.juman.model ne.unidic.model'
CABOCHA_TXTMODEL_LIST='chunk.ipa.txt chunk.juman.txt chunk.unidic.txt dep.ipa.txt dep.juman.txt dep.unidic.txt ne.ipa.txt ne.juman.txt ne.unidic.txt'
CABOCHA_USE_UTF8_ONLY=''
CC='gcc'
CCDEPMODE='depmode=none'
CFLAGS='-O3  -Wno-deprecated -Wall'
CHARSET='utf8'
CPP='gcc -E'
CPPFLAGS=''
CXX='g++'
CXXCPP='g++ -E'
CXXDEPMODE='depmode=none'
CXXFLAGS='-O3 -Wno-deprecated -Wall'
CYGPATH_W='echo'
DEFS='-DHAVE_CONFIG_H'
DEPDIR='.deps'
DLLTOOL='dlltool'
DSYMUTIL=''
DUMPBIN=''
ECHO_C=''
ECHO_N='-n'
ECHO_T=''
EGREP='/bin/grep -E'
EXEEXT=''
FGREP='/bin/grep -F'
GREP='/bin/grep'
INSTALL_DATA='${INSTALL} -m 644'
INSTALL_PROGRAM='${INSTALL}'
INSTALL_SCRIPT='${INSTALL}'
INSTALL_STRIP_PROGRAM='$(install_sh) -c -s'
LD='/usr/bin/ld -m elf_x86_64'
LDFLAGS=''
LIBICONV=''
LIBOBJS=''
LIBS='-lcrfpp -lmecab  -L/usr/lib -lmecab -lstdc++'
LIBTOOL='$(SHELL) $(top_builddir)/libtool'
LIPO=''
LN_S='ln -s'
LTLIBICONV=''
LTLIBOBJS=''
LTVERSION='4:0:0'
MAINT='#'
MAINTAINER_MODE_FALSE=''
MAINTAINER_MODE_TRUE='#'
MAKEINFO='${SHELL} /home/moko/OneDrive/Linux/Practice/LanguageProcessing/40_49/cabocha-0.61/missing --run makeinfo'
MANIFEST_TOOL=':'
MECAB_CFLAGS=''
MECAB_CONFIG='/usr/bin/mecab-config'
MKDIR_P='/bin/mkdir -p'
MODEL_VERSION='100'
NM='/usr/bin/nm -B'
NMEDIT=''
OBJDUMP='objdump'
OBJEXT='o'
OTOOL64=''
OTOOL=''
PACKAGE='cabocha'
PACKAGE_BUGREPORT=''
PACKAGE_NAME=''
PACKAGE_STRING=''
PACKAGE_TARNAME=''
PACKAGE_URL=''
PACKAGE_VERSION=''
PATH_SEPARATOR=':'
POSSET2='ipa'
POSSET='IPA'
RANLIB='ranlib'
SED='/bin/sed'
SET_MAKE=''
SHELL='/bin/bash'
STRIP='strip'
VERSION='0.61'
ac_ct_AR='ar'
ac_ct_CC='gcc'
ac_ct_CXX='g++'
ac_ct_DUMPBIN=''
am__EXEEXT_FALSE=''
am__EXEEXT_TRUE='#'
am__fastdepCC_FALSE=''
am__fastdepCC_TRUE='#'
am__fastdepCXX_FALSE=''
am__fastdepCXX_TRUE='#'
am__include='include'
am__isrc=''
am__leading_dot='.'
am__quote=''
am__tar='${AMTAR} chof - "$$tardir"'
am__untar='${AMTAR} xf -'
bindir='${exec_prefix}/bin'
build='x86_64-unknown-linux-gnu'
build_alias=''
build_cpu='x86_64'
build_os='linux-gnu'
build_vendor='unknown'
datadir='${datarootdir}'
datarootdir='${prefix}/share'
docdir='${datarootdir}/doc/${PACKAGE}'
dvidir='${docdir}'
exec_prefix='${prefix}'
host='x86_64-unknown-linux-gnu'
host_alias=''
host_cpu='x86_64'
host_os='linux-gnu'
host_vendor='unknown'
htmldir='${docdir}'
includedir='${prefix}/include'
infodir='${datarootdir}/info'
install_sh='${SHELL} /home/moko/OneDrive/Linux/Practice/LanguageProcessing/40_49/cabocha-0.61/install-sh'
libdir='${exec_prefix}/lib'
libexecdir='${exec_prefix}/libexec'
localedir='${datarootdir}/locale'
localstatedir='${prefix}/var'
mandir='${datarootdir}/man'
mkdir_p='/bin/mkdir -p'
oldincludedir='/usr/include'
pdfdir='${docdir}'
prefix='/usr/local'
program_transform_name='s,x,x,'
psdir='${docdir}'
sbindir='${exec_prefix}/sbin'
sharedstatedir='${prefix}/com'
sysconfdir='${prefix}/etc'
target_alias=''

## ----------- ##
## confdefs.h. ##
## ----------- ##

/* confdefs.h */
#define PACKAGE_NAME ""
#define PACKAGE_TARNAME ""
#define PACKAGE_VERSION ""
#define PACKAGE_STRING ""
#define PACKAGE_BUGREPORT ""
#define PACKAGE_URL ""
#define PACKAGE "cabocha"
#define VERSION "0.61"
#define STDC_HEADERS 1
#define HAVE_SYS_TYPES_H 1
#define HAVE_SYS_STAT_H 1
#define HAVE_STDLIB_H 1
#define HAVE_STRING_H 1
#define HAVE_MEMORY_H 1
#define HAVE_STRINGS_H 1
#define HAVE_INTTYPES_H 1
#define HAVE_STDINT_H 1
#define HAVE_UNISTD_H 1
#define HAVE_DLFCN_H 1
#define LT_OBJDIR ".libs/"
#define HAVE_ICONV 1
#define ICONV_CONST 
#define STDC_HEADERS 1
#define HAVE_STRING_H 1
#define HAVE_STDLIB_H 1
#define HAVE_UNISTD_H 1
#define HAVE_FCNTL_H 1
#define HAVE_SYS_STAT_H 1
#define HAVE_SYS_MMAN_H 1
#define HAVE_SYS_TIMES_H 1
#define HAVE_SYS_TYPES_H 1
#define HAVE_DIRENT_H 1
#define HAVE_CTYPE_H 1
#define HAVE_SYS_TYPES_H 1
#define HAVE_PTHREAD_H 1
#define HAVE_SETJMP_H 1
#define SIZEOF_CHAR 1
#define SIZEOF_SHORT 2
#define SIZEOF_INT 4
#define SIZEOF_LONG 8
#define SIZEOF_LONG_LONG 8
#define SIZEOF_SIZE_T 8
#define HAVE_STDLIB_H 1
#define HAVE_UNISTD_H 1
#define HAVE_SYS_PARAM_H 1
#define HAVE_GETPAGESIZE 1
#define HAVE_MMAP 1
#define HAVE_GETENV 1
#define HAVE_OPENDIR 1
#define HAVE_SETJMP 1
#define HAVE_SNPRINTF 1
#define HAVE_TLS_KEYWORD 1

configure: exit 0
